nohup: Eingabe wird ignoriert
[I 2026-07-21 20:32:57,616] A new study created in RDB with name: new_ac
[I 2026-07-21 20:38:05,497] Trial 0 finished with value: 5223898.811584263 and parameters: {'actor_lr': 3.874313594853934e-05, 'critic_lr': 0.2454029615022105, 'gamma': 0.9404341388668318, 'beta': 0.019369935992429893, 'hidden': 256}. Best is trial 0 with value: 5223898.811584263.
[W 2026-07-21 20:38:50,663] Trial 1 failed with parameters: {'actor_lr': 0.02036368120308762, 'critic_lr': 0.07117560131943558, 'gamma': 0.9256810892784016, 'beta': 0.027159974706465827, 'hidden': 512} because of the following error: ValueError('Expected parameter scale (Tensor of shape (1, 2)) of distribution Normal(loc: torch.Size([1, 2]), scale: torch.Size([1, 2])) to satisfy the constraint GreaterThan(lower_bound=0.0), but found invalid values:\ntensor([[       nan, 1.6410e+15]], grad_fn=<ExpandBackward0>)').
Traceback (most recent call last):
  File "/home/7401/.local/lib/python3.12/site-packages/optuna/study/_optimize.py", line 206, in _run_trial
    value_or_values = func(trial)
                      ^^^^^^^^^^^
  File "/home/7401/Schreibtisch/Task2/RLTask2/tune_stochastic_ac.py", line 28, in objective
    m1, bmd, m2_len, _ = train(seed=seed, max_episodes=MAX_EPISODES,
                         ^^^^^^^^^^^^^^^^^^^^^^^^^^^^^^^^^^^^^^^^^^^
  File "/home/7401/Schreibtisch/Task2/RLTask2/stoch_actor_critic.py", line 71, in train
    dist = actor(s_t)
           ^^^^^^^^^^
  File "/opt/miniconda/lib/python3.12/site-packages/torch/nn/modules/module.py", line 1773, in _wrapped_call_impl
    return self._call_impl(*args, **kwargs)
           ^^^^^^^^^^^^^^^^^^^^^^^^^^^^^^^^
  File "/opt/miniconda/lib/python3.12/site-packages/torch/nn/modules/module.py", line 1784, in _call_impl
    return forward_call(*args, **kwargs)
           ^^^^^^^^^^^^^^^^^^^^^^^^^^^^^
  File "/home/7401/Schreibtisch/Task2/RLTask2/stoch_actor_critic.py", line 29, in forward
    return D.Normal(self.mean(h), self.log_std.exp())
           ^^^^^^^^^^^^^^^^^^^^^^^^^^^^^^^^^^^^^^^^^^
  File "/opt/miniconda/lib/python3.12/site-packages/torch/distributions/normal.py", line 66, in __init__
    super().__init__(batch_shape, validate_args=validate_args)
  File "/opt/miniconda/lib/python3.12/site-packages/torch/distributions/distribution.py", line 77, in __init__
    raise ValueError(
ValueError: Expected parameter scale (Tensor of shape (1, 2)) of distribution Normal(loc: torch.Size([1, 2]), scale: torch.Size([1, 2])) to satisfy the constraint GreaterThan(lower_bound=0.0), but found invalid values:
tensor([[       nan, 1.6410e+15]], grad_fn=<ExpandBackward0>)
[W 2026-07-21 20:38:50,664] Trial 1 failed with value None.
new code running!
Traceback (most recent call last):
  File "/home/7401/Schreibtisch/Task2/RLTask2/tune_stochastic_ac.py", line 47, in <module>
    study.optimize(objective, n_trials=N_TRIALS)
  File "/home/7401/.local/lib/python3.12/site-packages/optuna/study/study.py", line 516, in optimize
    _optimize(
  File "/home/7401/.local/lib/python3.12/site-packages/optuna/study/_optimize.py", line 68, in _optimize
    _optimize_sequential(
  File "/home/7401/.local/lib/python3.12/site-packages/optuna/study/_optimize.py", line 165, in _optimize_sequential
    frozen_trial_id = _run_trial(study, func, catch)
                      ^^^^^^^^^^^^^^^^^^^^^^^^^^^^^^
  File "/home/7401/.local/lib/python3.12/site-packages/optuna/study/_optimize.py", line 263, in _run_trial
    raise func_err
  File "/home/7401/.local/lib/python3.12/site-packages/optuna/study/_optimize.py", line 206, in _run_trial
    value_or_values = func(trial)
                      ^^^^^^^^^^^
  File "/home/7401/Schreibtisch/Task2/RLTask2/tune_stochastic_ac.py", line 28, in objective
    m1, bmd, m2_len, _ = train(seed=seed, max_episodes=MAX_EPISODES,
                         ^^^^^^^^^^^^^^^^^^^^^^^^^^^^^^^^^^^^^^^^^^^
  File "/home/7401/Schreibtisch/Task2/RLTask2/stoch_actor_critic.py", line 71, in train
    dist = actor(s_t)
           ^^^^^^^^^^
  File "/opt/miniconda/lib/python3.12/site-packages/torch/nn/modules/module.py", line 1773, in _wrapped_call_impl
    return self._call_impl(*args, **kwargs)
           ^^^^^^^^^^^^^^^^^^^^^^^^^^^^^^^^
  File "/opt/miniconda/lib/python3.12/site-packages/torch/nn/modules/module.py", line 1784, in _call_impl
    return forward_call(*args, **kwargs)
           ^^^^^^^^^^^^^^^^^^^^^^^^^^^^^
  File "/home/7401/Schreibtisch/Task2/RLTask2/stoch_actor_critic.py", line 29, in forward
    return D.Normal(self.mean(h), self.log_std.exp())
           ^^^^^^^^^^^^^^^^^^^^^^^^^^^^^^^^^^^^^^^^^^
  File "/opt/miniconda/lib/python3.12/site-packages/torch/distributions/normal.py", line 66, in __init__
    super().__init__(batch_shape, validate_args=validate_args)
  File "/opt/miniconda/lib/python3.12/site-packages/torch/distributions/distribution.py", line 77, in __init__
    raise ValueError(
ValueError: Expected parameter scale (Tensor of shape (1, 2)) of distribution Normal(loc: torch.Size([1, 2]), scale: torch.Size([1, 2])) to satisfy the constraint GreaterThan(lower_bound=0.0), but found invalid values:
tensor([[       nan, 1.6410e+15]], grad_fn=<ExpandBackward0>)
